                                                                     empgrowth_
  Obs        industry         empcat2            year      NObs            Mean
 
 4958               5               1            1980        91    0.1961143588
 4959               5               1            1981        77    0.1817454922
 4960               5               2            1980        39    0.6280119222
 4961               5               2            1981        41    1.0457472759
 4962               5               3            1980        22    1.7755350662
 4963               5               3            1981        28    2.0884064135
 4964               5               4            1980        17    0.3938576963
 4965               5               4            1981        13    3.4818185359
 4966               5               5            1980        15    1.0447708794
 4967               5               5            1981         9    1.5221417879
 
           empgrowth_     wagegrowth_     wagegrowth_
  Obs             Var            Mean             Var
 
 4958    0.2247970469    2.6463802629    57.616790384
 4959    0.2226578816    2.6556745273    33.143926696
 4960    2.1915370921    1.1634892371    1.5183448131
 4961    4.3987281536    5.1529027809    161.20627398
 4962    10.274344658    2.6502103703    24.987044328
 4963    13.927739462    2.0955781898    7.0558739373
 4964    0.4514479462     2.231080752    10.881991035
 4965    28.541890674    3.1715850584    68.977417516
 4966    9.9126891294    1.5910220651    2.9229592333
 4967    9.8136263525    10.732404276    805.37346024
